Determining if the pthread_create exist failed with the following output:
Change Dir: /home/hapticpc/nao/nao_teleop/TeleopModule/build-localtc/CMakeFiles/CMakeTmp

Run Build Command:"/usr/bin/make" "cmTC_c4880/fast"
/usr/bin/make -f CMakeFiles/cmTC_c4880.dir/build.make CMakeFiles/cmTC_c4880.dir/build
make[1]: Entering directory '/home/hapticpc/nao/nao_teleop/TeleopModule/build-localtc/CMakeFiles/CMakeTmp'
/usr/bin/cmake: /home/hapticpc/nao/naoqi-sdk-2.1.4.13-linux64/lib/libcurl.so.4: no version information available (required by /usr/bin/cmake)
Building C object CMakeFiles/cmTC_c4880.dir/CheckSymbolExists.c.o
/usr/bin/cc    -o CMakeFiles/cmTC_c4880.dir/CheckSymbolExists.c.o   -c /home/hapticpc/nao/nao_teleop/TeleopModule/build-localtc/CMakeFiles/CMakeTmp/CheckSymbolExists.c
/usr/bin/cmake: /home/hapticpc/nao/naoqi-sdk-2.1.4.13-linux64/lib/libcurl.so.4: no version information available (required by /usr/bin/cmake)
Linking C executable cmTC_c4880
/usr/bin/cmake -E cmake_link_script CMakeFiles/cmTC_c4880.dir/link.txt --verbose=1
/usr/bin/cmake: /home/hapticpc/nao/naoqi-sdk-2.1.4.13-linux64/lib/libcurl.so.4: no version information available (required by /usr/bin/cmake)
/usr/bin/cc      -rdynamic CMakeFiles/cmTC_c4880.dir/CheckSymbolExists.c.o  -o cmTC_c4880 
CMakeFiles/cmTC_c4880.dir/CheckSymbolExists.c.o: In function `main':
CheckSymbolExists.c:(.text+0x16): undefined reference to `pthread_create'
collect2: error: ld returned 1 exit status
CMakeFiles/cmTC_c4880.dir/build.make:97: recipe for target 'cmTC_c4880' failed
make[1]: *** [cmTC_c4880] Error 1
make[1]: Leaving directory '/home/hapticpc/nao/nao_teleop/TeleopModule/build-localtc/CMakeFiles/CMakeTmp'
Makefile:126: recipe for target 'cmTC_c4880/fast' failed
make: *** [cmTC_c4880/fast] Error 2

File /home/hapticpc/nao/nao_teleop/TeleopModule/build-localtc/CMakeFiles/CMakeTmp/CheckSymbolExists.c:
/* */
#include <pthread.h>

int main(int argc, char** argv)
{
  (void)argv;
#ifndef pthread_create
  return ((int*)(&pthread_create))[argc];
#else
  (void)argc;
  return 0;
#endif
}

Determining if the function pthread_create exists in the pthreads failed with the following output:
Change Dir: /home/hapticpc/nao/nao_teleop/TeleopModule/build-localtc/CMakeFiles/CMakeTmp

Run Build Command:"/usr/bin/make" "cmTC_3f5b8/fast"
/usr/bin/make -f CMakeFiles/cmTC_3f5b8.dir/build.make CMakeFiles/cmTC_3f5b8.dir/build
make[1]: Entering directory '/home/hapticpc/nao/nao_teleop/TeleopModule/build-localtc/CMakeFiles/CMakeTmp'
/usr/bin/cmake: /home/hapticpc/nao/naoqi-sdk-2.1.4.13-linux64/lib/libcurl.so.4: no version information available (required by /usr/bin/cmake)
Building C object CMakeFiles/cmTC_3f5b8.dir/CheckFunctionExists.c.o
/usr/bin/cc   -DCHECK_FUNCTION_EXISTS=pthread_create   -o CMakeFiles/cmTC_3f5b8.dir/CheckFunctionExists.c.o   -c /usr/share/cmake-3.10/Modules/CheckFunctionExists.c
/usr/bin/cmake: /home/hapticpc/nao/naoqi-sdk-2.1.4.13-linux64/lib/libcurl.so.4: no version information available (required by /usr/bin/cmake)
Linking C executable cmTC_3f5b8
/usr/bin/cmake -E cmake_link_script CMakeFiles/cmTC_3f5b8.dir/link.txt --verbose=1
/usr/bin/cmake: /home/hapticpc/nao/naoqi-sdk-2.1.4.13-linux64/lib/libcurl.so.4: no version information available (required by /usr/bin/cmake)
/usr/bin/cc  -DCHECK_FUNCTION_EXISTS=pthread_create    -rdynamic CMakeFiles/cmTC_3f5b8.dir/CheckFunctionExists.c.o  -o cmTC_3f5b8 -lpthreads 
/usr/bin/ld: cannot find -lpthreads
collect2: error: ld returned 1 exit status
CMakeFiles/cmTC_3f5b8.dir/build.make:97: recipe for target 'cmTC_3f5b8' failed
make[1]: *** [cmTC_3f5b8] Error 1
make[1]: Leaving directory '/home/hapticpc/nao/nao_teleop/TeleopModule/build-localtc/CMakeFiles/CMakeTmp'
Makefile:126: recipe for target 'cmTC_3f5b8/fast' failed
make: *** [cmTC_3f5b8/fast] Error 2


